<?xml version="1.0" encoding="UTF-8"?>
<testsuite xmlns:xsi="http://www.w3.org/2001/XMLSchema-instance" xsi:noNamespaceSchemaLocation="https://maven.apache.org/surefire/maven-surefire-plugin/xsd/surefire-test-report-3.0.xsd" version="3.0" name="com.mycompany.userregistrationlogin.MessagesTest" time="0.051" tests="9" errors="0" skipped="0" failures="0">
  <properties>
[...]
</properties>
  <testcase name="testCheckRecipientCell_Valid" classname="com.mycompany.userregistrationlogin.MessagesTest" time="0.016"/>
  <testcase name="testSentMessage_Store" classname="com.mycompany.userregistrationlogin.MessagesTest" time="0.005">
    <system-out><![CDATA[Message stored in JSON file.
]]></system-out>
  </testcase>
  <testcase name="testMessageCreation" classname="com.mycompany.userregistrationlogin.MessagesTest" time="0.001"/>
  <testcase name="testCheckMessageLength_Invalid" classname="com.mycompany.userregistrationlogin.MessagesTest" time="0.003"/>
  <testcase name="testSentMessage_Discard" classname="com.mycompany.userregistrationlogin.MessagesTest" time="0.001"/>
  <testcase name="testSentMessage_Invalid" classname="com.mycompany.userregistrationlogin.MessagesTest" time="0.001"/>
  <testcase name="testCheckRecipientCell_Invalid" classname="com.mycompany.userregistrationlogin.MessagesTest" time="0.001"/>
  <testcase name="testCheckMessageLength_Valid" classname="com.mycompany.userregistrationlogin.MessagesTest" time="0.001"/>
  <testcase name="testSentMessage_Send" classname="com.mycompany.userregistrationlogin.MessagesTest" time="0.001"/>
</testsuite>